<?xml version="1.0" encoding="UTF-8"?>
<testsuite xmlns:xsi="http://www.w3.org/2001/XMLSchema-instance" xsi:noNamespaceSchemaLocation="https://maven.apache.org/surefire/maven-surefire-plugin/xsd/surefire-test-report.xsd" name="com.pizzahub.coupon.controller.CouponControllerTest" time="1.413" tests="20" errors="0" skipped="10" failures="0">
  <properties>
[...]
</properties>
  <testcase name="testAddCoupon2" classname="com.pizzahub.coupon.controller.CouponControllerTest" time="0">
    <skipped message="TODO: Complete this test"/>
    <system-out><![CDATA[16:29:37.463 [main] DEBUG org.springframework.test.context.BootstrapUtils - Instantiating CacheAwareContextLoaderDelegate from class [org.springframework.test.context.cache.DefaultCacheAwareContextLoaderDelegate]
16:29:37.471 [main] DEBUG org.springframework.test.context.BootstrapUtils - Instantiating BootstrapContext using constructor [public org.springframework.test.context.support.DefaultBootstrapContext(java.lang.Class,org.springframework.test.context.CacheAwareContextLoaderDelegate)]
16:29:37.498 [main] DEBUG org.springframework.test.context.BootstrapUtils - Instantiating TestContextBootstrapper for test class [com.pizzahub.coupon.controller.CouponControllerTest] from class [org.springframework.test.context.support.DefaultTestContextBootstrapper]
16:29:37.518 [main] DEBUG org.springframework.test.context.support.AbstractDelegatingSmartContextLoader - Delegating to AnnotationConfigContextLoader to process context configuration [ContextConfigurationAttributes@29a60c27 declaringClass = 'com.pizzahub.coupon.controller.CouponControllerTest', classes = '{class com.pizzahub.coupon.controller.CouponController, class com.pizzahub.coupon.service.CouponService}', locations = '{}', inheritLocations = true, initializers = '{}', inheritInitializers = true, name = [null], contextLoaderClass = 'org.springframework.test.context.ContextLoader'].
16:29:37.564 [main] DEBUG org.springframework.test.context.support.ActiveProfilesUtils - Could not find an 'annotation declaring class' for annotation type [org.springframework.test.context.ActiveProfiles] and class [com.pizzahub.coupon.controller.CouponControllerTest]
16:29:37.564 [main] DEBUG org.springframework.test.context.support.DefaultTestContextBootstrapper - @TestExecutionListeners is not present for class [com.pizzahub.coupon.controller.CouponControllerTest]: using defaults.
16:29:37.564 [main] INFO org.springframework.test.context.support.DefaultTestContextBootstrapper - Loaded default TestExecutionListener class names from location [META-INF/spring.factories]: [org.springframework.boot.test.mock.mockito.MockitoTestExecutionListener, org.springframework.boot.test.mock.mockito.ResetMocksTestExecutionListener, org.springframework.boot.test.autoconfigure.restdocs.RestDocsTestExecutionListener, org.springframework.boot.test.autoconfigure.web.client.MockRestServiceServerResetTestExecutionListener, org.springframework.boot.test.autoconfigure.web.servlet.MockMvcPrintOnlyOnFailureTestExecutionListener, org.springframework.boot.test.autoconfigure.web.servlet.WebDriverTestExecutionListener, org.springframework.boot.test.autoconfigure.webservices.client.MockWebServiceServerTestExecutionListener, org.springframework.test.context.web.ServletTestExecutionListener, org.springframework.test.context.support.DirtiesContextBeforeModesTestExecutionListener, org.springframework.test.context.event.ApplicationEventsTestExecutionListener, org.springframework.test.context.support.DependencyInjectionTestExecutionListener, org.springframework.test.context.support.DirtiesContextTestExecutionListener, org.springframework.test.context.transaction.TransactionalTestExecutionListener, org.springframework.test.context.jdbc.SqlScriptsTestExecutionListener, org.springframework.test.context.event.EventPublishingTestExecutionListener]
16:29:37.583 [main] INFO org.springframework.test.context.support.DefaultTestContextBootstrapper - Using TestExecutionListeners: [org.springframework.test.context.web.ServletTestExecutionListener@2899a8db, org.springframework.test.context.support.DirtiesContextBeforeModesTestExecutionListener@1e8823d2, org.springframework.test.context.event.ApplicationEventsTestExecutionListener@c1a4620, org.springframework.boot.test.mock.mockito.MockitoTestExecutionListener@76b0ae1b, org.springframework.test.context.support.DependencyInjectionTestExecutionListener@130a0f66, org.springframework.test.context.support.DirtiesContextTestExecutionListener@4c432866, org.springframework.test.context.transaction.TransactionalTestExecutionListener@12365c88, org.springframework.test.context.jdbc.SqlScriptsTestExecutionListener@6105f8a3, org.springframework.test.context.event.EventPublishingTestExecutionListener@2237bada, org.springframework.boot.test.mock.mockito.ResetMocksTestExecutionListener@77e2a6e2, org.springframework.boot.test.autoconfigure.restdocs.RestDocsTestExecutionListener@5710768a, org.springframework.boot.test.autoconfigure.web.client.MockRestServiceServerResetTestExecutionListener@199e4c2b, org.springframework.boot.test.autoconfigure.web.servlet.MockMvcPrintOnlyOnFailureTestExecutionListener@6e0d4a8, org.springframework.boot.test.autoconfigure.web.servlet.WebDriverTestExecutionListener@64d7b720, org.springframework.boot.test.autoconfigure.webservices.client.MockWebServiceServerTestExecutionListener@30272916]
16:29:37.584 [main] DEBUG org.springframework.test.context.support.AbstractDirtiesContextTestExecutionListener - Before test class: context [DefaultTestContext@b09fac1 testClass = CouponControllerTest, testInstance = [null], testMethod = [null], testException = [null], mergedContextConfiguration = [MergedContextConfiguration@62df0ff3 testClass = CouponControllerTest, locations = '{}', classes = '{class com.pizzahub.coupon.controller.CouponController, class com.pizzahub.coupon.service.CouponService}', contextInitializerClasses = '[]', activeProfiles = '{}', propertySourceLocations = '{}', propertySourceProperties = '{}', contextCustomizers = set[org.springframework.boot.test.context.filter.ExcludeFilterContextCustomizer@56102e1c, org.springframework.boot.test.json.DuplicateJsonObjectContextCustomizerFactory$DuplicateJsonObjectContextCustomizer@3b366632, org.springframework.boot.test.mock.mockito.MockitoContextCustomizer@1b4c4a1a, org.springframework.boot.test.autoconfigure.actuate.metrics.MetricsExportContextCustomizerFactory$DisableMetricExportContextCustomizer@3a0807b7, org.springframework.boot.test.autoconfigure.properties.PropertyMappingContextCustomizer@0, org.springframework.boot.test.autoconfigure.web.servlet.WebDriverContextCustomizerFactory$Customizer@649f2009], contextLoader = 'org.springframework.test.context.support.DelegatingSmartContextLoader', parent = [null]], attributes = map[[empty]]], class annotated with @DirtiesContext [false] with mode [null].
16:29:37.593 [main] DEBUG org.springframework.test.context.support.AbstractDelegatingSmartContextLoader - Delegating to AnnotationConfigContextLoader to load context from [MergedContextConfiguration@62df0ff3 testClass = CouponControllerTest, locations = '{}', classes = '{class com.pizzahub.coupon.controller.CouponController, class com.pizzahub.coupon.service.CouponService}', contextInitializerClasses = '[]', activeProfiles = '{}', propertySourceLocations = '{}', propertySourceProperties = '{}', contextCustomizers = set[org.springframework.boot.test.context.filter.ExcludeFilterContextCustomizer@56102e1c, org.springframework.boot.test.json.DuplicateJsonObjectContextCustomizerFactory$DuplicateJsonObjectContextCustomizer@3b366632, org.springframework.boot.test.mock.mockito.MockitoContextCustomizer@1b4c4a1a, org.springframework.boot.test.autoconfigure.actuate.metrics.MetricsExportContextCustomizerFactory$DisableMetricExportContextCustomizer@3a0807b7, org.springframework.boot.test.autoconfigure.properties.PropertyMappingContextCustomizer@0, org.springframework.boot.test.autoconfigure.web.servlet.WebDriverContextCustomizerFactory$Customizer@649f2009], contextLoader = 'org.springframework.test.context.support.DelegatingSmartContextLoader', parent = [null]].
16:29:37.593 [main] DEBUG org.springframework.test.context.support.AbstractGenericContextLoader - Loading ApplicationContext for merged context configuration [[MergedContextConfiguration@62df0ff3 testClass = CouponControllerTest, locations = '{}', classes = '{class com.pizzahub.coupon.controller.CouponController, class com.pizzahub.coupon.service.CouponService}', contextInitializerClasses = '[]', activeProfiles = '{}', propertySourceLocations = '{}', propertySourceProperties = '{}', contextCustomizers = set[org.springframework.boot.test.context.filter.ExcludeFilterContextCustomizer@56102e1c, org.springframework.boot.test.json.DuplicateJsonObjectContextCustomizerFactory$DuplicateJsonObjectContextCustomizer@3b366632, org.springframework.boot.test.mock.mockito.MockitoContextCustomizer@1b4c4a1a, org.springframework.boot.test.autoconfigure.actuate.metrics.MetricsExportContextCustomizerFactory$DisableMetricExportContextCustomizer@3a0807b7, org.springframework.boot.test.autoconfigure.properties.PropertyMappingContextCustomizer@0, org.springframework.boot.test.autoconfigure.web.servlet.WebDriverContextCustomizerFactory$Customizer@649f2009], contextLoader = 'org.springframework.test.context.support.DelegatingSmartContextLoader', parent = [null]]].
16:29:37.636 [main] DEBUG org.springframework.core.env.StandardEnvironment - Activating profiles []
16:29:37.636 [main] DEBUG org.springframework.test.context.support.AnnotationConfigContextLoader - Registering component classes: {class com.pizzahub.coupon.controller.CouponController, class com.pizzahub.coupon.service.CouponService}
16:29:37.672 [main] DEBUG org.springframework.context.support.GenericApplicationContext - Refreshing org.springframework.context.support.GenericApplicationContext@78b236a0
16:29:37.680 [main] DEBUG org.springframework.beans.factory.support.DefaultListableBeanFactory - Creating shared instance of singleton bean 'org.springframework.context.annotation.internalConfigurationAnnotationProcessor'
16:29:37.721 [main] DEBUG org.springframework.beans.factory.support.DefaultListableBeanFactory - Creating shared instance of singleton bean 'org.springframework.boot.test.mock.mockito.MockitoPostProcessor'
16:29:38.097 [main] DEBUG org.springframework.beans.factory.support.DefaultListableBeanFactory - Creating shared instance of singleton bean 'org.springframework.context.event.internalEventListenerProcessor'
16:29:38.098 [main] DEBUG org.springframework.beans.factory.support.DefaultListableBeanFactory - Creating shared instance of singleton bean 'org.springframework.context.event.internalEventListenerFactory'
16:29:38.099 [main] DEBUG org.springframework.beans.factory.support.DefaultListableBeanFactory - Creating shared instance of singleton bean 'org.springframework.context.annotation.internalAutowiredAnnotationProcessor'
16:29:38.100 [main] DEBUG org.springframework.beans.factory.support.DefaultListableBeanFactory - Creating shared instance of singleton bean 'org.springframework.context.annotation.internalCommonAnnotationProcessor'
16:29:38.103 [main] DEBUG org.springframework.beans.factory.support.DefaultListableBeanFactory - Creating shared instance of singleton bean 'org.springframework.context.annotation.internalPersistenceAnnotationProcessor'
16:29:38.103 [main] DEBUG org.springframework.beans.factory.support.DefaultListableBeanFactory - Creating shared instance of singleton bean 'org.springframework.boot.test.mock.mockito.MockitoPostProcessor$SpyPostProcessor'
16:29:38.112 [main] DEBUG org.springframework.beans.factory.support.DefaultListableBeanFactory - Creating shared instance of singleton bean 'couponController'
16:29:38.123 [main] DEBUG org.springframework.beans.factory.support.DefaultListableBeanFactory - Creating shared instance of singleton bean 'couponService'
16:29:38.136 [main] DEBUG org.springframework.test.context.cache.DefaultCacheAwareContextLoaderDelegate - Storing ApplicationContext [2024945312] in cache under key [[MergedContextConfiguration@62df0ff3 testClass = CouponControllerTest, locations = '{}', classes = '{class com.pizzahub.coupon.controller.CouponController, class com.pizzahub.coupon.service.CouponService}', contextInitializerClasses = '[]', activeProfiles = '{}', propertySourceLocations = '{}', propertySourceProperties = '{}', contextCustomizers = set[org.springframework.boot.test.context.filter.ExcludeFilterContextCustomizer@56102e1c, org.springframework.boot.test.json.DuplicateJsonObjectContextCustomizerFactory$DuplicateJsonObjectContextCustomizer@3b366632, org.springframework.boot.test.mock.mockito.MockitoContextCustomizer@1b4c4a1a, org.springframework.boot.test.autoconfigure.actuate.metrics.MetricsExportContextCustomizerFactory$DisableMetricExportContextCustomizer@3a0807b7, org.springframework.boot.test.autoconfigure.properties.PropertyMappingContextCustomizer@0, org.springframework.boot.test.autoconfigure.web.servlet.WebDriverContextCustomizerFactory$Customizer@649f2009], contextLoader = 'org.springframework.test.context.support.DelegatingSmartContextLoader', parent = [null]]]
16:29:38.137 [main] DEBUG org.springframework.test.context.cache - Spring test ApplicationContext cache statistics: [DefaultContextCache@7d1f3fe9 size = 1, maxSize = 32, parentContextCount = 0, hitCount = 0, missCount = 1]
16:29:38.137 [main] DEBUG org.springframework.test.context.support.DependencyInjectionTestExecutionListener - Performing dependency injection for test context [[DefaultTestContext@b09fac1 testClass = CouponControllerTest, testInstance = com.pizzahub.coupon.controller.CouponControllerTest@75ed7512, testMethod = [null], testException = [null], mergedContextConfiguration = [MergedContextConfiguration@62df0ff3 testClass = CouponControllerTest, locations = '{}', classes = '{class com.pizzahub.coupon.controller.CouponController, class com.pizzahub.coupon.service.CouponService}', contextInitializerClasses = '[]', activeProfiles = '{}', propertySourceLocations = '{}', propertySourceProperties = '{}', contextCustomizers = set[org.springframework.boot.test.context.filter.ExcludeFilterContextCustomizer@56102e1c, org.springframework.boot.test.json.DuplicateJsonObjectContextCustomizerFactory$DuplicateJsonObjectContextCustomizer@3b366632, org.springframework.boot.test.mock.mockito.MockitoContextCustomizer@1b4c4a1a, org.springframework.boot.test.autoconfigure.actuate.metrics.MetricsExportContextCustomizerFactory$DisableMetricExportContextCustomizer@3a0807b7, org.springframework.boot.test.autoconfigure.properties.PropertyMappingContextCustomizer@0, org.springframework.boot.test.autoconfigure.web.servlet.WebDriverContextCustomizerFactory$Customizer@649f2009], contextLoader = 'org.springframework.test.context.support.DelegatingSmartContextLoader', parent = [null]], attributes = map['org.springframework.test.context.event.ApplicationEventsTestExecutionListener.recordApplicationEvents' -> false]]].
16:29:38.137 [main] DEBUG org.springframework.test.context.cache.DefaultCacheAwareContextLoaderDelegate - Retrieved ApplicationContext [2024945312] from cache with key [[MergedContextConfiguration@62df0ff3 testClass = CouponControllerTest, locations = '{}', classes = '{class com.pizzahub.coupon.controller.CouponController, class com.pizzahub.coupon.service.CouponService}', contextInitializerClasses = '[]', activeProfiles = '{}', propertySourceLocations = '{}', propertySourceProperties = '{}', contextCustomizers = set[org.springframework.boot.test.context.filter.ExcludeFilterContextCustomizer@56102e1c, org.springframework.boot.test.json.DuplicateJsonObjectContextCustomizerFactory$DuplicateJsonObjectContextCustomizer@3b366632, org.springframework.boot.test.mock.mockito.MockitoContextCustomizer@1b4c4a1a, org.springframework.boot.test.autoconfigure.actuate.metrics.MetricsExportContextCustomizerFactory$DisableMetricExportContextCustomizer@3a0807b7, org.springframework.boot.test.autoconfigure.properties.PropertyMappingContextCustomizer@0, org.springframework.boot.test.autoconfigure.web.servlet.WebDriverContextCustomizerFactory$Customizer@649f2009], contextLoader = 'org.springframework.test.context.support.DelegatingSmartContextLoader', parent = [null]]]
16:29:38.137 [main] DEBUG org.springframework.test.context.cache - Spring test ApplicationContext cache statistics: [DefaultContextCache@7d1f3fe9 size = 1, maxSize = 32, parentContextCount = 0, hitCount = 1, missCount = 1]
16:29:38.140 [main] DEBUG org.springframework.test.context.cache.DefaultCacheAwareContextLoaderDelegate - Retrieved ApplicationContext [2024945312] from cache with key [[MergedContextConfiguration@62df0ff3 testClass = CouponControllerTest, locations = '{}', classes = '{class com.pizzahub.coupon.controller.CouponController, class com.pizzahub.coupon.service.CouponService}', contextInitializerClasses = '[]', activeProfiles = '{}', propertySourceLocations = '{}', propertySourceProperties = '{}', contextCustomizers = set[org.springframework.boot.test.context.filter.ExcludeFilterContextCustomizer@56102e1c, org.springframework.boot.test.json.DuplicateJsonObjectContextCustomizerFactory$DuplicateJsonObjectContextCustomizer@3b366632, org.springframework.boot.test.mock.mockito.MockitoContextCustomizer@1b4c4a1a, org.springframework.boot.test.autoconfigure.actuate.metrics.MetricsExportContextCustomizerFactory$DisableMetricExportContextCustomizer@3a0807b7, org.springframework.boot.test.autoconfigure.properties.PropertyMappingContextCustomizer@0, org.springframework.boot.test.autoconfigure.web.servlet.WebDriverContextCustomizerFactory$Customizer@649f2009], contextLoader = 'org.springframework.test.context.support.DelegatingSmartContextLoader', parent = [null]]]
16:29:38.140 [main] DEBUG org.springframework.test.context.cache - Spring test ApplicationContext cache statistics: [DefaultContextCache@7d1f3fe9 size = 1, maxSize = 32, parentContextCount = 0, hitCount = 2, missCount = 1]
]]></system-out>
  </testcase>
  <testcase name="testAddCoupon3" classname="com.pizzahub.coupon.controller.CouponControllerTest" time="0.519"/>
  <testcase name="testGetCouponById" classname="com.pizzahub.coupon.controller.CouponControllerTest" time="0">
    <skipped message="TODO: Complete this test"/>
    <system-out><![CDATA[16:29:38.665 [main] DEBUG org.springframework.test.context.cache.DefaultCacheAwareContextLoaderDelegate - Retrieved ApplicationContext [2024945312] from cache with key [[MergedContextConfiguration@62df0ff3 testClass = CouponControllerTest, locations = '{}', classes = '{class com.pizzahub.coupon.controller.CouponController, class com.pizzahub.coupon.service.CouponService}', contextInitializerClasses = '[]', activeProfiles = '{}', propertySourceLocations = '{}', propertySourceProperties = '{}', contextCustomizers = set[org.springframework.boot.test.context.filter.ExcludeFilterContextCustomizer@56102e1c, org.springframework.boot.test.json.DuplicateJsonObjectContextCustomizerFactory$DuplicateJsonObjectContextCustomizer@3b366632, org.springframework.boot.test.mock.mockito.MockitoContextCustomizer@1b4c4a1a, org.springframework.boot.test.autoconfigure.actuate.metrics.MetricsExportContextCustomizerFactory$DisableMetricExportContextCustomizer@3a0807b7, org.springframework.boot.test.autoconfigure.properties.PropertyMappingContextCustomizer@0, org.springframework.boot.test.autoconfigure.web.servlet.WebDriverContextCustomizerFactory$Customizer@649f2009], contextLoader = 'org.springframework.test.context.support.DelegatingSmartContextLoader', parent = [null]]]
16:29:38.665 [main] DEBUG org.springframework.test.context.cache - Spring test ApplicationContext cache statistics: [DefaultContextCache@7d1f3fe9 size = 1, maxSize = 32, parentContextCount = 0, hitCount = 15, missCount = 1]
16:29:38.665 [main] DEBUG org.springframework.test.context.support.DependencyInjectionTestExecutionListener - Performing dependency injection for test context [[DefaultTestContext@b09fac1 testClass = CouponControllerTest, testInstance = com.pizzahub.coupon.controller.CouponControllerTest@7f69c4c0, testMethod = [null], testException = [null], mergedContextConfiguration = [MergedContextConfiguration@62df0ff3 testClass = CouponControllerTest, locations = '{}', classes = '{class com.pizzahub.coupon.controller.CouponController, class com.pizzahub.coupon.service.CouponService}', contextInitializerClasses = '[]', activeProfiles = '{}', propertySourceLocations = '{}', propertySourceProperties = '{}', contextCustomizers = set[org.springframework.boot.test.context.filter.ExcludeFilterContextCustomizer@56102e1c, org.springframework.boot.test.json.DuplicateJsonObjectContextCustomizerFactory$DuplicateJsonObjectContextCustomizer@3b366632, org.springframework.boot.test.mock.mockito.MockitoContextCustomizer@1b4c4a1a, org.springframework.boot.test.autoconfigure.actuate.metrics.MetricsExportContextCustomizerFactory$DisableMetricExportContextCustomizer@3a0807b7, org.springframework.boot.test.autoconfigure.properties.PropertyMappingContextCustomizer@0, org.springframework.boot.test.autoconfigure.web.servlet.WebDriverContextCustomizerFactory$Customizer@649f2009], contextLoader = 'org.springframework.test.context.support.DelegatingSmartContextLoader', parent = [null]], attributes = map['org.springframework.test.context.event.ApplicationEventsTestExecutionListener.recordApplicationEvents' -> false]]].
16:29:38.665 [main] DEBUG org.springframework.test.context.cache.DefaultCacheAwareContextLoaderDelegate - Retrieved ApplicationContext [2024945312] from cache with key [[MergedContextConfiguration@62df0ff3 testClass = CouponControllerTest, locations = '{}', classes = '{class com.pizzahub.coupon.controller.CouponController, class com.pizzahub.coupon.service.CouponService}', contextInitializerClasses = '[]', activeProfiles = '{}', propertySourceLocations = '{}', propertySourceProperties = '{}', contextCustomizers = set[org.springframework.boot.test.context.filter.ExcludeFilterContextCustomizer@56102e1c, org.springframework.boot.test.json.DuplicateJsonObjectContextCustomizerFactory$DuplicateJsonObjectContextCustomizer@3b366632, org.springframework.boot.test.mock.mockito.MockitoContextCustomizer@1b4c4a1a, org.springframework.boot.test.autoconfigure.actuate.metrics.MetricsExportContextCustomizerFactory$DisableMetricExportContextCustomizer@3a0807b7, org.springframework.boot.test.autoconfigure.properties.PropertyMappingContextCustomizer@0, org.springframework.boot.test.autoconfigure.web.servlet.WebDriverContextCustomizerFactory$Customizer@649f2009], contextLoader = 'org.springframework.test.context.support.DelegatingSmartContextLoader', parent = [null]]]
16:29:38.665 [main] DEBUG org.springframework.test.context.cache - Spring test ApplicationContext cache statistics: [DefaultContextCache@7d1f3fe9 size = 1, maxSize = 32, parentContextCount = 0, hitCount = 16, missCount = 1]
16:29:38.665 [main] DEBUG org.springframework.test.context.cache.DefaultCacheAwareContextLoaderDelegate - Retrieved ApplicationContext [2024945312] from cache with key [[MergedContextConfiguration@62df0ff3 testClass = CouponControllerTest, locations = '{}', classes = '{class com.pizzahub.coupon.controller.CouponController, class com.pizzahub.coupon.service.CouponService}', contextInitializerClasses = '[]', activeProfiles = '{}', propertySourceLocations = '{}', propertySourceProperties = '{}', contextCustomizers = set[org.springframework.boot.test.context.filter.ExcludeFilterContextCustomizer@56102e1c, org.springframework.boot.test.json.DuplicateJsonObjectContextCustomizerFactory$DuplicateJsonObjectContextCustomizer@3b366632, org.springframework.boot.test.mock.mockito.MockitoContextCustomizer@1b4c4a1a, org.springframework.boot.test.autoconfigure.actuate.metrics.MetricsExportContextCustomizerFactory$DisableMetricExportContextCustomizer@3a0807b7, org.springframework.boot.test.autoconfigure.properties.PropertyMappingContextCustomizer@0, org.springframework.boot.test.autoconfigure.web.servlet.WebDriverContextCustomizerFactory$Customizer@649f2009], contextLoader = 'org.springframework.test.context.support.DelegatingSmartContextLoader', parent = [null]]]
16:29:38.665 [main] DEBUG org.springframework.test.context.cache - Spring test ApplicationContext cache statistics: [DefaultContextCache@7d1f3fe9 size = 1, maxSize = 32, parentContextCount = 0, hitCount = 17, missCount = 1]
]]></system-out>
  </testcase>
  <testcase name="testDeleteCoupon2" classname="com.pizzahub.coupon.controller.CouponControllerTest" time="0.015"/>
  <testcase name="testGetCouponByName" classname="com.pizzahub.coupon.controller.CouponControllerTest" time="0">
    <skipped message="TODO: Complete this test"/>
    <system-out><![CDATA[16:29:38.682 [main] DEBUG org.springframework.test.context.cache.DefaultCacheAwareContextLoaderDelegate - Retrieved ApplicationContext [2024945312] from cache with key [[MergedContextConfiguration@62df0ff3 testClass = CouponControllerTest, locations = '{}', classes = '{class com.pizzahub.coupon.controller.CouponController, class com.pizzahub.coupon.service.CouponService}', contextInitializerClasses = '[]', activeProfiles = '{}', propertySourceLocations = '{}', propertySourceProperties = '{}', contextCustomizers = set[org.springframework.boot.test.context.filter.ExcludeFilterContextCustomizer@56102e1c, org.springframework.boot.test.json.DuplicateJsonObjectContextCustomizerFactory$DuplicateJsonObjectContextCustomizer@3b366632, org.springframework.boot.test.mock.mockito.MockitoContextCustomizer@1b4c4a1a, org.springframework.boot.test.autoconfigure.actuate.metrics.MetricsExportContextCustomizerFactory$DisableMetricExportContextCustomizer@3a0807b7, org.springframework.boot.test.autoconfigure.properties.PropertyMappingContextCustomizer@0, org.springframework.boot.test.autoconfigure.web.servlet.WebDriverContextCustomizerFactory$Customizer@649f2009], contextLoader = 'org.springframework.test.context.support.DelegatingSmartContextLoader', parent = [null]]]
16:29:38.682 [main] DEBUG org.springframework.test.context.cache - Spring test ApplicationContext cache statistics: [DefaultContextCache@7d1f3fe9 size = 1, maxSize = 32, parentContextCount = 0, hitCount = 30, missCount = 1]
16:29:38.682 [main] DEBUG org.springframework.test.context.support.DependencyInjectionTestExecutionListener - Performing dependency injection for test context [[DefaultTestContext@b09fac1 testClass = CouponControllerTest, testInstance = com.pizzahub.coupon.controller.CouponControllerTest@2ef3efcc, testMethod = [null], testException = [null], mergedContextConfiguration = [MergedContextConfiguration@62df0ff3 testClass = CouponControllerTest, locations = '{}', classes = '{class com.pizzahub.coupon.controller.CouponController, class com.pizzahub.coupon.service.CouponService}', contextInitializerClasses = '[]', activeProfiles = '{}', propertySourceLocations = '{}', propertySourceProperties = '{}', contextCustomizers = set[org.springframework.boot.test.context.filter.ExcludeFilterContextCustomizer@56102e1c, org.springframework.boot.test.json.DuplicateJsonObjectContextCustomizerFactory$DuplicateJsonObjectContextCustomizer@3b366632, org.springframework.boot.test.mock.mockito.MockitoContextCustomizer@1b4c4a1a, org.springframework.boot.test.autoconfigure.actuate.metrics.MetricsExportContextCustomizerFactory$DisableMetricExportContextCustomizer@3a0807b7, org.springframework.boot.test.autoconfigure.properties.PropertyMappingContextCustomizer@0, org.springframework.boot.test.autoconfigure.web.servlet.WebDriverContextCustomizerFactory$Customizer@649f2009], contextLoader = 'org.springframework.test.context.support.DelegatingSmartContextLoader', parent = [null]], attributes = map['org.springframework.test.context.event.ApplicationEventsTestExecutionListener.recordApplicationEvents' -> false]]].
16:29:38.682 [main] DEBUG org.springframework.test.context.cache.DefaultCacheAwareContextLoaderDelegate - Retrieved ApplicationContext [2024945312] from cache with key [[MergedContextConfiguration@62df0ff3 testClass = CouponControllerTest, locations = '{}', classes = '{class com.pizzahub.coupon.controller.CouponController, class com.pizzahub.coupon.service.CouponService}', contextInitializerClasses = '[]', activeProfiles = '{}', propertySourceLocations = '{}', propertySourceProperties = '{}', contextCustomizers = set[org.springframework.boot.test.context.filter.ExcludeFilterContextCustomizer@56102e1c, org.springframework.boot.test.json.DuplicateJsonObjectContextCustomizerFactory$DuplicateJsonObjectContextCustomizer@3b366632, org.springframework.boot.test.mock.mockito.MockitoContextCustomizer@1b4c4a1a, org.springframework.boot.test.autoconfigure.actuate.metrics.MetricsExportContextCustomizerFactory$DisableMetricExportContextCustomizer@3a0807b7, org.springframework.boot.test.autoconfigure.properties.PropertyMappingContextCustomizer@0, org.springframework.boot.test.autoconfigure.web.servlet.WebDriverContextCustomizerFactory$Customizer@649f2009], contextLoader = 'org.springframework.test.context.support.DelegatingSmartContextLoader', parent = [null]]]
16:29:38.683 [main] DEBUG org.springframework.test.context.cache - Spring test ApplicationContext cache statistics: [DefaultContextCache@7d1f3fe9 size = 1, maxSize = 32, parentContextCount = 0, hitCount = 31, missCount = 1]
16:29:38.683 [main] DEBUG org.springframework.test.context.cache.DefaultCacheAwareContextLoaderDelegate - Retrieved ApplicationContext [2024945312] from cache with key [[MergedContextConfiguration@62df0ff3 testClass = CouponControllerTest, locations = '{}', classes = '{class com.pizzahub.coupon.controller.CouponController, class com.pizzahub.coupon.service.CouponService}', contextInitializerClasses = '[]', activeProfiles = '{}', propertySourceLocations = '{}', propertySourceProperties = '{}', contextCustomizers = set[org.springframework.boot.test.context.filter.ExcludeFilterContextCustomizer@56102e1c, org.springframework.boot.test.json.DuplicateJsonObjectContextCustomizerFactory$DuplicateJsonObjectContextCustomizer@3b366632, org.springframework.boot.test.mock.mockito.MockitoContextCustomizer@1b4c4a1a, org.springframework.boot.test.autoconfigure.actuate.metrics.MetricsExportContextCustomizerFactory$DisableMetricExportContextCustomizer@3a0807b7, org.springframework.boot.test.autoconfigure.properties.PropertyMappingContextCustomizer@0, org.springframework.boot.test.autoconfigure.web.servlet.WebDriverContextCustomizerFactory$Customizer@649f2009], contextLoader = 'org.springframework.test.context.support.DelegatingSmartContextLoader', parent = [null]]]
16:29:38.683 [main] DEBUG org.springframework.test.context.cache - Spring test ApplicationContext cache statistics: [DefaultContextCache@7d1f3fe9 size = 1, maxSize = 32, parentContextCount = 0, hitCount = 32, missCount = 1]
]]></system-out>
  </testcase>
  <testcase name="testGetApplicableCoupons" classname="com.pizzahub.coupon.controller.CouponControllerTest" time="0">
    <skipped message="TODO: Complete this test"/>
    <system-out><![CDATA[16:29:38.683 [main] DEBUG org.springframework.test.context.cache.DefaultCacheAwareContextLoaderDelegate - Retrieved ApplicationContext [2024945312] from cache with key [[MergedContextConfiguration@62df0ff3 testClass = CouponControllerTest, locations = '{}', classes = '{class com.pizzahub.coupon.controller.CouponController, class com.pizzahub.coupon.service.CouponService}', contextInitializerClasses = '[]', activeProfiles = '{}', propertySourceLocations = '{}', propertySourceProperties = '{}', contextCustomizers = set[org.springframework.boot.test.context.filter.ExcludeFilterContextCustomizer@56102e1c, org.springframework.boot.test.json.DuplicateJsonObjectContextCustomizerFactory$DuplicateJsonObjectContextCustomizer@3b366632, org.springframework.boot.test.mock.mockito.MockitoContextCustomizer@1b4c4a1a, org.springframework.boot.test.autoconfigure.actuate.metrics.MetricsExportContextCustomizerFactory$DisableMetricExportContextCustomizer@3a0807b7, org.springframework.boot.test.autoconfigure.properties.PropertyMappingContextCustomizer@0, org.springframework.boot.test.autoconfigure.web.servlet.WebDriverContextCustomizerFactory$Customizer@649f2009], contextLoader = 'org.springframework.test.context.support.DelegatingSmartContextLoader', parent = [null]]]
16:29:38.683 [main] DEBUG org.springframework.test.context.cache - Spring test ApplicationContext cache statistics: [DefaultContextCache@7d1f3fe9 size = 1, maxSize = 32, parentContextCount = 0, hitCount = 33, missCount = 1]
16:29:38.684 [main] DEBUG org.springframework.test.context.support.DependencyInjectionTestExecutionListener - Performing dependency injection for test context [[DefaultTestContext@b09fac1 testClass = CouponControllerTest, testInstance = com.pizzahub.coupon.controller.CouponControllerTest@772589ed, testMethod = [null], testException = [null], mergedContextConfiguration = [MergedContextConfiguration@62df0ff3 testClass = CouponControllerTest, locations = '{}', classes = '{class com.pizzahub.coupon.controller.CouponController, class com.pizzahub.coupon.service.CouponService}', contextInitializerClasses = '[]', activeProfiles = '{}', propertySourceLocations = '{}', propertySourceProperties = '{}', contextCustomizers = set[org.springframework.boot.test.context.filter.ExcludeFilterContextCustomizer@56102e1c, org.springframework.boot.test.json.DuplicateJsonObjectContextCustomizerFactory$DuplicateJsonObjectContextCustomizer@3b366632, org.springframework.boot.test.mock.mockito.MockitoContextCustomizer@1b4c4a1a, org.springframework.boot.test.autoconfigure.actuate.metrics.MetricsExportContextCustomizerFactory$DisableMetricExportContextCustomizer@3a0807b7, org.springframework.boot.test.autoconfigure.properties.PropertyMappingContextCustomizer@0, org.springframework.boot.test.autoconfigure.web.servlet.WebDriverContextCustomizerFactory$Customizer@649f2009], contextLoader = 'org.springframework.test.context.support.DelegatingSmartContextLoader', parent = [null]], attributes = map['org.springframework.test.context.event.ApplicationEventsTestExecutionListener.recordApplicationEvents' -> false]]].
16:29:38.684 [main] DEBUG org.springframework.test.context.cache.DefaultCacheAwareContextLoaderDelegate - Retrieved ApplicationContext [2024945312] from cache with key [[MergedContextConfiguration@62df0ff3 testClass = CouponControllerTest, locations = '{}', classes = '{class com.pizzahub.coupon.controller.CouponController, class com.pizzahub.coupon.service.CouponService}', contextInitializerClasses = '[]', activeProfiles = '{}', propertySourceLocations = '{}', propertySourceProperties = '{}', contextCustomizers = set[org.springframework.boot.test.context.filter.ExcludeFilterContextCustomizer@56102e1c, org.springframework.boot.test.json.DuplicateJsonObjectContextCustomizerFactory$DuplicateJsonObjectContextCustomizer@3b366632, org.springframework.boot.test.mock.mockito.MockitoContextCustomizer@1b4c4a1a, org.springframework.boot.test.autoconfigure.actuate.metrics.MetricsExportContextCustomizerFactory$DisableMetricExportContextCustomizer@3a0807b7, org.springframework.boot.test.autoconfigure.properties.PropertyMappingContextCustomizer@0, org.springframework.boot.test.autoconfigure.web.servlet.WebDriverContextCustomizerFactory$Customizer@649f2009], contextLoader = 'org.springframework.test.context.support.DelegatingSmartContextLoader', parent = [null]]]
16:29:38.684 [main] DEBUG org.springframework.test.context.cache - Spring test ApplicationContext cache statistics: [DefaultContextCache@7d1f3fe9 size = 1, maxSize = 32, parentContextCount = 0, hitCount = 34, missCount = 1]
16:29:38.684 [main] DEBUG org.springframework.test.context.cache.DefaultCacheAwareContextLoaderDelegate - Retrieved ApplicationContext [2024945312] from cache with key [[MergedContextConfiguration@62df0ff3 testClass = CouponControllerTest, locations = '{}', classes = '{class com.pizzahub.coupon.controller.CouponController, class com.pizzahub.coupon.service.CouponService}', contextInitializerClasses = '[]', activeProfiles = '{}', propertySourceLocations = '{}', propertySourceProperties = '{}', contextCustomizers = set[org.springframework.boot.test.context.filter.ExcludeFilterContextCustomizer@56102e1c, org.springframework.boot.test.json.DuplicateJsonObjectContextCustomizerFactory$DuplicateJsonObjectContextCustomizer@3b366632, org.springframework.boot.test.mock.mockito.MockitoContextCustomizer@1b4c4a1a, org.springframework.boot.test.autoconfigure.actuate.metrics.MetricsExportContextCustomizerFactory$DisableMetricExportContextCustomizer@3a0807b7, org.springframework.boot.test.autoconfigure.properties.PropertyMappingContextCustomizer@0, org.springframework.boot.test.autoconfigure.web.servlet.WebDriverContextCustomizerFactory$Customizer@649f2009], contextLoader = 'org.springframework.test.context.support.DelegatingSmartContextLoader', parent = [null]]]
16:29:38.684 [main] DEBUG org.springframework.test.context.cache - Spring test ApplicationContext cache statistics: [DefaultContextCache@7d1f3fe9 size = 1, maxSize = 32, parentContextCount = 0, hitCount = 35, missCount = 1]
]]></system-out>
  </testcase>
  <testcase name="testGetApplicableCoupons2" classname="com.pizzahub.coupon.controller.CouponControllerTest" time="0.012"/>
  <testcase name="testGetApplicableCoupons3" classname="com.pizzahub.coupon.controller.CouponControllerTest" time="0.011"/>
  <testcase name="testUpdateCoupon" classname="com.pizzahub.coupon.controller.CouponControllerTest" time="0">
    <skipped message="TODO: Complete this test"/>
    <system-out><![CDATA[16:29:38.709 [main] DEBUG org.springframework.test.context.cache.DefaultCacheAwareContextLoaderDelegate - Retrieved ApplicationContext [2024945312] from cache with key [[MergedContextConfiguration@62df0ff3 testClass = CouponControllerTest, locations = '{}', classes = '{class com.pizzahub.coupon.controller.CouponController, class com.pizzahub.coupon.service.CouponService}', contextInitializerClasses = '[]', activeProfiles = '{}', propertySourceLocations = '{}', propertySourceProperties = '{}', contextCustomizers = set[org.springframework.boot.test.context.filter.ExcludeFilterContextCustomizer@56102e1c, org.springframework.boot.test.json.DuplicateJsonObjectContextCustomizerFactory$DuplicateJsonObjectContextCustomizer@3b366632, org.springframework.boot.test.mock.mockito.MockitoContextCustomizer@1b4c4a1a, org.springframework.boot.test.autoconfigure.actuate.metrics.MetricsExportContextCustomizerFactory$DisableMetricExportContextCustomizer@3a0807b7, org.springframework.boot.test.autoconfigure.properties.PropertyMappingContextCustomizer@0, org.springframework.boot.test.autoconfigure.web.servlet.WebDriverContextCustomizerFactory$Customizer@649f2009], contextLoader = 'org.springframework.test.context.support.DelegatingSmartContextLoader', parent = [null]]]
16:29:38.709 [main] DEBUG org.springframework.test.context.cache - Spring test ApplicationContext cache statistics: [DefaultContextCache@7d1f3fe9 size = 1, maxSize = 32, parentContextCount = 0, hitCount = 60, missCount = 1]
16:29:38.709 [main] DEBUG org.springframework.test.context.support.DependencyInjectionTestExecutionListener - Performing dependency injection for test context [[DefaultTestContext@b09fac1 testClass = CouponControllerTest, testInstance = com.pizzahub.coupon.controller.CouponControllerTest@7b1b1784, testMethod = [null], testException = [null], mergedContextConfiguration = [MergedContextConfiguration@62df0ff3 testClass = CouponControllerTest, locations = '{}', classes = '{class com.pizzahub.coupon.controller.CouponController, class com.pizzahub.coupon.service.CouponService}', contextInitializerClasses = '[]', activeProfiles = '{}', propertySourceLocations = '{}', propertySourceProperties = '{}', contextCustomizers = set[org.springframework.boot.test.context.filter.ExcludeFilterContextCustomizer@56102e1c, org.springframework.boot.test.json.DuplicateJsonObjectContextCustomizerFactory$DuplicateJsonObjectContextCustomizer@3b366632, org.springframework.boot.test.mock.mockito.MockitoContextCustomizer@1b4c4a1a, org.springframework.boot.test.autoconfigure.actuate.metrics.MetricsExportContextCustomizerFactory$DisableMetricExportContextCustomizer@3a0807b7, org.springframework.boot.test.autoconfigure.properties.PropertyMappingContextCustomizer@0, org.springframework.boot.test.autoconfigure.web.servlet.WebDriverContextCustomizerFactory$Customizer@649f2009], contextLoader = 'org.springframework.test.context.support.DelegatingSmartContextLoader', parent = [null]], attributes = map['org.springframework.test.context.event.ApplicationEventsTestExecutionListener.recordApplicationEvents' -> false]]].
16:29:38.709 [main] DEBUG org.springframework.test.context.cache.DefaultCacheAwareContextLoaderDelegate - Retrieved ApplicationContext [2024945312] from cache with key [[MergedContextConfiguration@62df0ff3 testClass = CouponControllerTest, locations = '{}', classes = '{class com.pizzahub.coupon.controller.CouponController, class com.pizzahub.coupon.service.CouponService}', contextInitializerClasses = '[]', activeProfiles = '{}', propertySourceLocations = '{}', propertySourceProperties = '{}', contextCustomizers = set[org.springframework.boot.test.context.filter.ExcludeFilterContextCustomizer@56102e1c, org.springframework.boot.test.json.DuplicateJsonObjectContextCustomizerFactory$DuplicateJsonObjectContextCustomizer@3b366632, org.springframework.boot.test.mock.mockito.MockitoContextCustomizer@1b4c4a1a, org.springframework.boot.test.autoconfigure.actuate.metrics.MetricsExportContextCustomizerFactory$DisableMetricExportContextCustomizer@3a0807b7, org.springframework.boot.test.autoconfigure.properties.PropertyMappingContextCustomizer@0, org.springframework.boot.test.autoconfigure.web.servlet.WebDriverContextCustomizerFactory$Customizer@649f2009], contextLoader = 'org.springframework.test.context.support.DelegatingSmartContextLoader', parent = [null]]]
16:29:38.709 [main] DEBUG org.springframework.test.context.cache - Spring test ApplicationContext cache statistics: [DefaultContextCache@7d1f3fe9 size = 1, maxSize = 32, parentContextCount = 0, hitCount = 61, missCount = 1]
16:29:38.709 [main] DEBUG org.springframework.test.context.cache.DefaultCacheAwareContextLoaderDelegate - Retrieved ApplicationContext [2024945312] from cache with key [[MergedContextConfiguration@62df0ff3 testClass = CouponControllerTest, locations = '{}', classes = '{class com.pizzahub.coupon.controller.CouponController, class com.pizzahub.coupon.service.CouponService}', contextInitializerClasses = '[]', activeProfiles = '{}', propertySourceLocations = '{}', propertySourceProperties = '{}', contextCustomizers = set[org.springframework.boot.test.context.filter.ExcludeFilterContextCustomizer@56102e1c, org.springframework.boot.test.json.DuplicateJsonObjectContextCustomizerFactory$DuplicateJsonObjectContextCustomizer@3b366632, org.springframework.boot.test.mock.mockito.MockitoContextCustomizer@1b4c4a1a, org.springframework.boot.test.autoconfigure.actuate.metrics.MetricsExportContextCustomizerFactory$DisableMetricExportContextCustomizer@3a0807b7, org.springframework.boot.test.autoconfigure.properties.PropertyMappingContextCustomizer@0, org.springframework.boot.test.autoconfigure.web.servlet.WebDriverContextCustomizerFactory$Customizer@649f2009], contextLoader = 'org.springframework.test.context.support.DelegatingSmartContextLoader', parent = [null]]]
16:29:38.709 [main] DEBUG org.springframework.test.context.cache - Spring test ApplicationContext cache statistics: [DefaultContextCache@7d1f3fe9 size = 1, maxSize = 32, parentContextCount = 0, hitCount = 62, missCount = 1]
]]></system-out>
  </testcase>
  <testcase name="testDeleteCoupon" classname="com.pizzahub.coupon.controller.CouponControllerTest" time="0">
    <skipped message="TODO: Complete this test"/>
    <system-out><![CDATA[16:29:38.710 [main] DEBUG org.springframework.test.context.cache.DefaultCacheAwareContextLoaderDelegate - Retrieved ApplicationContext [2024945312] from cache with key [[MergedContextConfiguration@62df0ff3 testClass = CouponControllerTest, locations = '{}', classes = '{class com.pizzahub.coupon.controller.CouponController, class com.pizzahub.coupon.service.CouponService}', contextInitializerClasses = '[]', activeProfiles = '{}', propertySourceLocations = '{}', propertySourceProperties = '{}', contextCustomizers = set[org.springframework.boot.test.context.filter.ExcludeFilterContextCustomizer@56102e1c, org.springframework.boot.test.json.DuplicateJsonObjectContextCustomizerFactory$DuplicateJsonObjectContextCustomizer@3b366632, org.springframework.boot.test.mock.mockito.MockitoContextCustomizer@1b4c4a1a, org.springframework.boot.test.autoconfigure.actuate.metrics.MetricsExportContextCustomizerFactory$DisableMetricExportContextCustomizer@3a0807b7, org.springframework.boot.test.autoconfigure.properties.PropertyMappingContextCustomizer@0, org.springframework.boot.test.autoconfigure.web.servlet.WebDriverContextCustomizerFactory$Customizer@649f2009], contextLoader = 'org.springframework.test.context.support.DelegatingSmartContextLoader', parent = [null]]]
16:29:38.710 [main] DEBUG org.springframework.test.context.cache - Spring test ApplicationContext cache statistics: [DefaultContextCache@7d1f3fe9 size = 1, maxSize = 32, parentContextCount = 0, hitCount = 63, missCount = 1]
16:29:38.710 [main] DEBUG org.springframework.test.context.support.DependencyInjectionTestExecutionListener - Performing dependency injection for test context [[DefaultTestContext@b09fac1 testClass = CouponControllerTest, testInstance = com.pizzahub.coupon.controller.CouponControllerTest@288e50c1, testMethod = [null], testException = [null], mergedContextConfiguration = [MergedContextConfiguration@62df0ff3 testClass = CouponControllerTest, locations = '{}', classes = '{class com.pizzahub.coupon.controller.CouponController, class com.pizzahub.coupon.service.CouponService}', contextInitializerClasses = '[]', activeProfiles = '{}', propertySourceLocations = '{}', propertySourceProperties = '{}', contextCustomizers = set[org.springframework.boot.test.context.filter.ExcludeFilterContextCustomizer@56102e1c, org.springframework.boot.test.json.DuplicateJsonObjectContextCustomizerFactory$DuplicateJsonObjectContextCustomizer@3b366632, org.springframework.boot.test.mock.mockito.MockitoContextCustomizer@1b4c4a1a, org.springframework.boot.test.autoconfigure.actuate.metrics.MetricsExportContextCustomizerFactory$DisableMetricExportContextCustomizer@3a0807b7, org.springframework.boot.test.autoconfigure.properties.PropertyMappingContextCustomizer@0, org.springframework.boot.test.autoconfigure.web.servlet.WebDriverContextCustomizerFactory$Customizer@649f2009], contextLoader = 'org.springframework.test.context.support.DelegatingSmartContextLoader', parent = [null]], attributes = map['org.springframework.test.context.event.ApplicationEventsTestExecutionListener.recordApplicationEvents' -> false]]].
16:29:38.710 [main] DEBUG org.springframework.test.context.cache.DefaultCacheAwareContextLoaderDelegate - Retrieved ApplicationContext [2024945312] from cache with key [[MergedContextConfiguration@62df0ff3 testClass = CouponControllerTest, locations = '{}', classes = '{class com.pizzahub.coupon.controller.CouponController, class com.pizzahub.coupon.service.CouponService}', contextInitializerClasses = '[]', activeProfiles = '{}', propertySourceLocations = '{}', propertySourceProperties = '{}', contextCustomizers = set[org.springframework.boot.test.context.filter.ExcludeFilterContextCustomizer@56102e1c, org.springframework.boot.test.json.DuplicateJsonObjectContextCustomizerFactory$DuplicateJsonObjectContextCustomizer@3b366632, org.springframework.boot.test.mock.mockito.MockitoContextCustomizer@1b4c4a1a, org.springframework.boot.test.autoconfigure.actuate.metrics.MetricsExportContextCustomizerFactory$DisableMetricExportContextCustomizer@3a0807b7, org.springframework.boot.test.autoconfigure.properties.PropertyMappingContextCustomizer@0, org.springframework.boot.test.autoconfigure.web.servlet.WebDriverContextCustomizerFactory$Customizer@649f2009], contextLoader = 'org.springframework.test.context.support.DelegatingSmartContextLoader', parent = [null]]]
16:29:38.710 [main] DEBUG org.springframework.test.context.cache - Spring test ApplicationContext cache statistics: [DefaultContextCache@7d1f3fe9 size = 1, maxSize = 32, parentContextCount = 0, hitCount = 64, missCount = 1]
16:29:38.710 [main] DEBUG org.springframework.test.context.cache.DefaultCacheAwareContextLoaderDelegate - Retrieved ApplicationContext [2024945312] from cache with key [[MergedContextConfiguration@62df0ff3 testClass = CouponControllerTest, locations = '{}', classes = '{class com.pizzahub.coupon.controller.CouponController, class com.pizzahub.coupon.service.CouponService}', contextInitializerClasses = '[]', activeProfiles = '{}', propertySourceLocations = '{}', propertySourceProperties = '{}', contextCustomizers = set[org.springframework.boot.test.context.filter.ExcludeFilterContextCustomizer@56102e1c, org.springframework.boot.test.json.DuplicateJsonObjectContextCustomizerFactory$DuplicateJsonObjectContextCustomizer@3b366632, org.springframework.boot.test.mock.mockito.MockitoContextCustomizer@1b4c4a1a, org.springframework.boot.test.autoconfigure.actuate.metrics.MetricsExportContextCustomizerFactory$DisableMetricExportContextCustomizer@3a0807b7, org.springframework.boot.test.autoconfigure.properties.PropertyMappingContextCustomizer@0, org.springframework.boot.test.autoconfigure.web.servlet.WebDriverContextCustomizerFactory$Customizer@649f2009], contextLoader = 'org.springframework.test.context.support.DelegatingSmartContextLoader', parent = [null]]]
16:29:38.710 [main] DEBUG org.springframework.test.context.cache - Spring test ApplicationContext cache statistics: [DefaultContextCache@7d1f3fe9 size = 1, maxSize = 32, parentContextCount = 0, hitCount = 65, missCount = 1]
]]></system-out>
  </testcase>
  <testcase name="testGetCouponById2" classname="com.pizzahub.coupon.controller.CouponControllerTest" time="0.013"/>
  <testcase name="testAddCoupon" classname="com.pizzahub.coupon.controller.CouponControllerTest" time="0">
    <skipped message="TODO: Complete this test"/>
    <system-out><![CDATA[16:29:38.725 [main] DEBUG org.springframework.test.context.cache.DefaultCacheAwareContextLoaderDelegate - Retrieved ApplicationContext [2024945312] from cache with key [[MergedContextConfiguration@62df0ff3 testClass = CouponControllerTest, locations = '{}', classes = '{class com.pizzahub.coupon.controller.CouponController, class com.pizzahub.coupon.service.CouponService}', contextInitializerClasses = '[]', activeProfiles = '{}', propertySourceLocations = '{}', propertySourceProperties = '{}', contextCustomizers = set[org.springframework.boot.test.context.filter.ExcludeFilterContextCustomizer@56102e1c, org.springframework.boot.test.json.DuplicateJsonObjectContextCustomizerFactory$DuplicateJsonObjectContextCustomizer@3b366632, org.springframework.boot.test.mock.mockito.MockitoContextCustomizer@1b4c4a1a, org.springframework.boot.test.autoconfigure.actuate.metrics.MetricsExportContextCustomizerFactory$DisableMetricExportContextCustomizer@3a0807b7, org.springframework.boot.test.autoconfigure.properties.PropertyMappingContextCustomizer@0, org.springframework.boot.test.autoconfigure.web.servlet.WebDriverContextCustomizerFactory$Customizer@649f2009], contextLoader = 'org.springframework.test.context.support.DelegatingSmartContextLoader', parent = [null]]]
16:29:38.725 [main] DEBUG org.springframework.test.context.cache - Spring test ApplicationContext cache statistics: [DefaultContextCache@7d1f3fe9 size = 1, maxSize = 32, parentContextCount = 0, hitCount = 78, missCount = 1]
16:29:38.725 [main] DEBUG org.springframework.test.context.support.DependencyInjectionTestExecutionListener - Performing dependency injection for test context [[DefaultTestContext@b09fac1 testClass = CouponControllerTest, testInstance = com.pizzahub.coupon.controller.CouponControllerTest@3e8eea59, testMethod = [null], testException = [null], mergedContextConfiguration = [MergedContextConfiguration@62df0ff3 testClass = CouponControllerTest, locations = '{}', classes = '{class com.pizzahub.coupon.controller.CouponController, class com.pizzahub.coupon.service.CouponService}', contextInitializerClasses = '[]', activeProfiles = '{}', propertySourceLocations = '{}', propertySourceProperties = '{}', contextCustomizers = set[org.springframework.boot.test.context.filter.ExcludeFilterContextCustomizer@56102e1c, org.springframework.boot.test.json.DuplicateJsonObjectContextCustomizerFactory$DuplicateJsonObjectContextCustomizer@3b366632, org.springframework.boot.test.mock.mockito.MockitoContextCustomizer@1b4c4a1a, org.springframework.boot.test.autoconfigure.actuate.metrics.MetricsExportContextCustomizerFactory$DisableMetricExportContextCustomizer@3a0807b7, org.springframework.boot.test.autoconfigure.properties.PropertyMappingContextCustomizer@0, org.springframework.boot.test.autoconfigure.web.servlet.WebDriverContextCustomizerFactory$Customizer@649f2009], contextLoader = 'org.springframework.test.context.support.DelegatingSmartContextLoader', parent = [null]], attributes = map['org.springframework.test.context.event.ApplicationEventsTestExecutionListener.recordApplicationEvents' -> false]]].
16:29:38.725 [main] DEBUG org.springframework.test.context.cache.DefaultCacheAwareContextLoaderDelegate - Retrieved ApplicationContext [2024945312] from cache with key [[MergedContextConfiguration@62df0ff3 testClass = CouponControllerTest, locations = '{}', classes = '{class com.pizzahub.coupon.controller.CouponController, class com.pizzahub.coupon.service.CouponService}', contextInitializerClasses = '[]', activeProfiles = '{}', propertySourceLocations = '{}', propertySourceProperties = '{}', contextCustomizers = set[org.springframework.boot.test.context.filter.ExcludeFilterContextCustomizer@56102e1c, org.springframework.boot.test.json.DuplicateJsonObjectContextCustomizerFactory$DuplicateJsonObjectContextCustomizer@3b366632, org.springframework.boot.test.mock.mockito.MockitoContextCustomizer@1b4c4a1a, org.springframework.boot.test.autoconfigure.actuate.metrics.MetricsExportContextCustomizerFactory$DisableMetricExportContextCustomizer@3a0807b7, org.springframework.boot.test.autoconfigure.properties.PropertyMappingContextCustomizer@0, org.springframework.boot.test.autoconfigure.web.servlet.WebDriverContextCustomizerFactory$Customizer@649f2009], contextLoader = 'org.springframework.test.context.support.DelegatingSmartContextLoader', parent = [null]]]
16:29:38.725 [main] DEBUG org.springframework.test.context.cache - Spring test ApplicationContext cache statistics: [DefaultContextCache@7d1f3fe9 size = 1, maxSize = 32, parentContextCount = 0, hitCount = 79, missCount = 1]
16:29:38.726 [main] DEBUG org.springframework.test.context.cache.DefaultCacheAwareContextLoaderDelegate - Retrieved ApplicationContext [2024945312] from cache with key [[MergedContextConfiguration@62df0ff3 testClass = CouponControllerTest, locations = '{}', classes = '{class com.pizzahub.coupon.controller.CouponController, class com.pizzahub.coupon.service.CouponService}', contextInitializerClasses = '[]', activeProfiles = '{}', propertySourceLocations = '{}', propertySourceProperties = '{}', contextCustomizers = set[org.springframework.boot.test.context.filter.ExcludeFilterContextCustomizer@56102e1c, org.springframework.boot.test.json.DuplicateJsonObjectContextCustomizerFactory$DuplicateJsonObjectContextCustomizer@3b366632, org.springframework.boot.test.mock.mockito.MockitoContextCustomizer@1b4c4a1a, org.springframework.boot.test.autoconfigure.actuate.metrics.MetricsExportContextCustomizerFactory$DisableMetricExportContextCustomizer@3a0807b7, org.springframework.boot.test.autoconfigure.properties.PropertyMappingContextCustomizer@0, org.springframework.boot.test.autoconfigure.web.servlet.WebDriverContextCustomizerFactory$Customizer@649f2009], contextLoader = 'org.springframework.test.context.support.DelegatingSmartContextLoader', parent = [null]]]
16:29:38.726 [main] DEBUG org.springframework.test.context.cache - Spring test ApplicationContext cache statistics: [DefaultContextCache@7d1f3fe9 size = 1, maxSize = 32, parentContextCount = 0, hitCount = 80, missCount = 1]
]]></system-out>
  </testcase>
  <testcase name="testGetallCoupons2" classname="com.pizzahub.coupon.controller.CouponControllerTest" time="0.015"/>
  <testcase name="testGetallCoupons3" classname="com.pizzahub.coupon.controller.CouponControllerTest" time="0.024"/>
  <testcase name="testApplyCoupon" classname="com.pizzahub.coupon.controller.CouponControllerTest" time="0">
    <skipped message="TODO: Complete this test"/>
    <system-out><![CDATA[16:29:38.770 [main] DEBUG org.springframework.test.context.cache.DefaultCacheAwareContextLoaderDelegate - Retrieved ApplicationContext [2024945312] from cache with key [[MergedContextConfiguration@62df0ff3 testClass = CouponControllerTest, locations = '{}', classes = '{class com.pizzahub.coupon.controller.CouponController, class com.pizzahub.coupon.service.CouponService}', contextInitializerClasses = '[]', activeProfiles = '{}', propertySourceLocations = '{}', propertySourceProperties = '{}', contextCustomizers = set[org.springframework.boot.test.context.filter.ExcludeFilterContextCustomizer@56102e1c, org.springframework.boot.test.json.DuplicateJsonObjectContextCustomizerFactory$DuplicateJsonObjectContextCustomizer@3b366632, org.springframework.boot.test.mock.mockito.MockitoContextCustomizer@1b4c4a1a, org.springframework.boot.test.autoconfigure.actuate.metrics.MetricsExportContextCustomizerFactory$DisableMetricExportContextCustomizer@3a0807b7, org.springframework.boot.test.autoconfigure.properties.PropertyMappingContextCustomizer@0, org.springframework.boot.test.autoconfigure.web.servlet.WebDriverContextCustomizerFactory$Customizer@649f2009], contextLoader = 'org.springframework.test.context.support.DelegatingSmartContextLoader', parent = [null]]]
16:29:38.770 [main] DEBUG org.springframework.test.context.cache - Spring test ApplicationContext cache statistics: [DefaultContextCache@7d1f3fe9 size = 1, maxSize = 32, parentContextCount = 0, hitCount = 105, missCount = 1]
16:29:38.770 [main] DEBUG org.springframework.test.context.support.DependencyInjectionTestExecutionListener - Performing dependency injection for test context [[DefaultTestContext@b09fac1 testClass = CouponControllerTest, testInstance = com.pizzahub.coupon.controller.CouponControllerTest@57cc0333, testMethod = [null], testException = [null], mergedContextConfiguration = [MergedContextConfiguration@62df0ff3 testClass = CouponControllerTest, locations = '{}', classes = '{class com.pizzahub.coupon.controller.CouponController, class com.pizzahub.coupon.service.CouponService}', contextInitializerClasses = '[]', activeProfiles = '{}', propertySourceLocations = '{}', propertySourceProperties = '{}', contextCustomizers = set[org.springframework.boot.test.context.filter.ExcludeFilterContextCustomizer@56102e1c, org.springframework.boot.test.json.DuplicateJsonObjectContextCustomizerFactory$DuplicateJsonObjectContextCustomizer@3b366632, org.springframework.boot.test.mock.mockito.MockitoContextCustomizer@1b4c4a1a, org.springframework.boot.test.autoconfigure.actuate.metrics.MetricsExportContextCustomizerFactory$DisableMetricExportContextCustomizer@3a0807b7, org.springframework.boot.test.autoconfigure.properties.PropertyMappingContextCustomizer@0, org.springframework.boot.test.autoconfigure.web.servlet.WebDriverContextCustomizerFactory$Customizer@649f2009], contextLoader = 'org.springframework.test.context.support.DelegatingSmartContextLoader', parent = [null]], attributes = map['org.springframework.test.context.event.ApplicationEventsTestExecutionListener.recordApplicationEvents' -> false]]].
16:29:38.770 [main] DEBUG org.springframework.test.context.cache.DefaultCacheAwareContextLoaderDelegate - Retrieved ApplicationContext [2024945312] from cache with key [[MergedContextConfiguration@62df0ff3 testClass = CouponControllerTest, locations = '{}', classes = '{class com.pizzahub.coupon.controller.CouponController, class com.pizzahub.coupon.service.CouponService}', contextInitializerClasses = '[]', activeProfiles = '{}', propertySourceLocations = '{}', propertySourceProperties = '{}', contextCustomizers = set[org.springframework.boot.test.context.filter.ExcludeFilterContextCustomizer@56102e1c, org.springframework.boot.test.json.DuplicateJsonObjectContextCustomizerFactory$DuplicateJsonObjectContextCustomizer@3b366632, org.springframework.boot.test.mock.mockito.MockitoContextCustomizer@1b4c4a1a, org.springframework.boot.test.autoconfigure.actuate.metrics.MetricsExportContextCustomizerFactory$DisableMetricExportContextCustomizer@3a0807b7, org.springframework.boot.test.autoconfigure.properties.PropertyMappingContextCustomizer@0, org.springframework.boot.test.autoconfigure.web.servlet.WebDriverContextCustomizerFactory$Customizer@649f2009], contextLoader = 'org.springframework.test.context.support.DelegatingSmartContextLoader', parent = [null]]]
16:29:38.770 [main] DEBUG org.springframework.test.context.cache - Spring test ApplicationContext cache statistics: [DefaultContextCache@7d1f3fe9 size = 1, maxSize = 32, parentContextCount = 0, hitCount = 106, missCount = 1]
16:29:38.771 [main] DEBUG org.springframework.test.context.cache.DefaultCacheAwareContextLoaderDelegate - Retrieved ApplicationContext [2024945312] from cache with key [[MergedContextConfiguration@62df0ff3 testClass = CouponControllerTest, locations = '{}', classes = '{class com.pizzahub.coupon.controller.CouponController, class com.pizzahub.coupon.service.CouponService}', contextInitializerClasses = '[]', activeProfiles = '{}', propertySourceLocations = '{}', propertySourceProperties = '{}', contextCustomizers = set[org.springframework.boot.test.context.filter.ExcludeFilterContextCustomizer@56102e1c, org.springframework.boot.test.json.DuplicateJsonObjectContextCustomizerFactory$DuplicateJsonObjectContextCustomizer@3b366632, org.springframework.boot.test.mock.mockito.MockitoContextCustomizer@1b4c4a1a, org.springframework.boot.test.autoconfigure.actuate.metrics.MetricsExportContextCustomizerFactory$DisableMetricExportContextCustomizer@3a0807b7, org.springframework.boot.test.autoconfigure.properties.PropertyMappingContextCustomizer@0, org.springframework.boot.test.autoconfigure.web.servlet.WebDriverContextCustomizerFactory$Customizer@649f2009], contextLoader = 'org.springframework.test.context.support.DelegatingSmartContextLoader', parent = [null]]]
16:29:38.771 [main] DEBUG org.springframework.test.context.cache - Spring test ApplicationContext cache statistics: [DefaultContextCache@7d1f3fe9 size = 1, maxSize = 32, parentContextCount = 0, hitCount = 107, missCount = 1]
]]></system-out>
  </testcase>
  <testcase name="testUpdateCoupon2" classname="com.pizzahub.coupon.controller.CouponControllerTest" time="0">
    <skipped message="TODO: Complete this test"/>
    <system-out><![CDATA[16:29:38.771 [main] DEBUG org.springframework.test.context.cache.DefaultCacheAwareContextLoaderDelegate - Retrieved ApplicationContext [2024945312] from cache with key [[MergedContextConfiguration@62df0ff3 testClass = CouponControllerTest, locations = '{}', classes = '{class com.pizzahub.coupon.controller.CouponController, class com.pizzahub.coupon.service.CouponService}', contextInitializerClasses = '[]', activeProfiles = '{}', propertySourceLocations = '{}', propertySourceProperties = '{}', contextCustomizers = set[org.springframework.boot.test.context.filter.ExcludeFilterContextCustomizer@56102e1c, org.springframework.boot.test.json.DuplicateJsonObjectContextCustomizerFactory$DuplicateJsonObjectContextCustomizer@3b366632, org.springframework.boot.test.mock.mockito.MockitoContextCustomizer@1b4c4a1a, org.springframework.boot.test.autoconfigure.actuate.metrics.MetricsExportContextCustomizerFactory$DisableMetricExportContextCustomizer@3a0807b7, org.springframework.boot.test.autoconfigure.properties.PropertyMappingContextCustomizer@0, org.springframework.boot.test.autoconfigure.web.servlet.WebDriverContextCustomizerFactory$Customizer@649f2009], contextLoader = 'org.springframework.test.context.support.DelegatingSmartContextLoader', parent = [null]]]
16:29:38.771 [main] DEBUG org.springframework.test.context.cache - Spring test ApplicationContext cache statistics: [DefaultContextCache@7d1f3fe9 size = 1, maxSize = 32, parentContextCount = 0, hitCount = 108, missCount = 1]
16:29:38.771 [main] DEBUG org.springframework.test.context.support.DependencyInjectionTestExecutionListener - Performing dependency injection for test context [[DefaultTestContext@b09fac1 testClass = CouponControllerTest, testInstance = com.pizzahub.coupon.controller.CouponControllerTest@1a916120, testMethod = [null], testException = [null], mergedContextConfiguration = [MergedContextConfiguration@62df0ff3 testClass = CouponControllerTest, locations = '{}', classes = '{class com.pizzahub.coupon.controller.CouponController, class com.pizzahub.coupon.service.CouponService}', contextInitializerClasses = '[]', activeProfiles = '{}', propertySourceLocations = '{}', propertySourceProperties = '{}', contextCustomizers = set[org.springframework.boot.test.context.filter.ExcludeFilterContextCustomizer@56102e1c, org.springframework.boot.test.json.DuplicateJsonObjectContextCustomizerFactory$DuplicateJsonObjectContextCustomizer@3b366632, org.springframework.boot.test.mock.mockito.MockitoContextCustomizer@1b4c4a1a, org.springframework.boot.test.autoconfigure.actuate.metrics.MetricsExportContextCustomizerFactory$DisableMetricExportContextCustomizer@3a0807b7, org.springframework.boot.test.autoconfigure.properties.PropertyMappingContextCustomizer@0, org.springframework.boot.test.autoconfigure.web.servlet.WebDriverContextCustomizerFactory$Customizer@649f2009], contextLoader = 'org.springframework.test.context.support.DelegatingSmartContextLoader', parent = [null]], attributes = map['org.springframework.test.context.event.ApplicationEventsTestExecutionListener.recordApplicationEvents' -> false]]].
16:29:38.771 [main] DEBUG org.springframework.test.context.cache.DefaultCacheAwareContextLoaderDelegate - Retrieved ApplicationContext [2024945312] from cache with key [[MergedContextConfiguration@62df0ff3 testClass = CouponControllerTest, locations = '{}', classes = '{class com.pizzahub.coupon.controller.CouponController, class com.pizzahub.coupon.service.CouponService}', contextInitializerClasses = '[]', activeProfiles = '{}', propertySourceLocations = '{}', propertySourceProperties = '{}', contextCustomizers = set[org.springframework.boot.test.context.filter.ExcludeFilterContextCustomizer@56102e1c, org.springframework.boot.test.json.DuplicateJsonObjectContextCustomizerFactory$DuplicateJsonObjectContextCustomizer@3b366632, org.springframework.boot.test.mock.mockito.MockitoContextCustomizer@1b4c4a1a, org.springframework.boot.test.autoconfigure.actuate.metrics.MetricsExportContextCustomizerFactory$DisableMetricExportContextCustomizer@3a0807b7, org.springframework.boot.test.autoconfigure.properties.PropertyMappingContextCustomizer@0, org.springframework.boot.test.autoconfigure.web.servlet.WebDriverContextCustomizerFactory$Customizer@649f2009], contextLoader = 'org.springframework.test.context.support.DelegatingSmartContextLoader', parent = [null]]]
16:29:38.772 [main] DEBUG org.springframework.test.context.cache - Spring test ApplicationContext cache statistics: [DefaultContextCache@7d1f3fe9 size = 1, maxSize = 32, parentContextCount = 0, hitCount = 109, missCount = 1]
16:29:38.772 [main] DEBUG org.springframework.test.context.cache.DefaultCacheAwareContextLoaderDelegate - Retrieved ApplicationContext [2024945312] from cache with key [[MergedContextConfiguration@62df0ff3 testClass = CouponControllerTest, locations = '{}', classes = '{class com.pizzahub.coupon.controller.CouponController, class com.pizzahub.coupon.service.CouponService}', contextInitializerClasses = '[]', activeProfiles = '{}', propertySourceLocations = '{}', propertySourceProperties = '{}', contextCustomizers = set[org.springframework.boot.test.context.filter.ExcludeFilterContextCustomizer@56102e1c, org.springframework.boot.test.json.DuplicateJsonObjectContextCustomizerFactory$DuplicateJsonObjectContextCustomizer@3b366632, org.springframework.boot.test.mock.mockito.MockitoContextCustomizer@1b4c4a1a, org.springframework.boot.test.autoconfigure.actuate.metrics.MetricsExportContextCustomizerFactory$DisableMetricExportContextCustomizer@3a0807b7, org.springframework.boot.test.autoconfigure.properties.PropertyMappingContextCustomizer@0, org.springframework.boot.test.autoconfigure.web.servlet.WebDriverContextCustomizerFactory$Customizer@649f2009], contextLoader = 'org.springframework.test.context.support.DelegatingSmartContextLoader', parent = [null]]]
16:29:38.772 [main] DEBUG org.springframework.test.context.cache - Spring test ApplicationContext cache statistics: [DefaultContextCache@7d1f3fe9 size = 1, maxSize = 32, parentContextCount = 0, hitCount = 110, missCount = 1]
]]></system-out>
  </testcase>
  <testcase name="testUpdateCoupon3" classname="com.pizzahub.coupon.controller.CouponControllerTest" time="0.012"/>
  <testcase name="testGetCouponByName2" classname="com.pizzahub.coupon.controller.CouponControllerTest" time="0.011"/>
  <testcase name="testApplyCoupon2" classname="com.pizzahub.coupon.controller.CouponControllerTest" time="0.017"/>
  <testcase name="testGetallCoupons" classname="com.pizzahub.coupon.controller.CouponControllerTest" time="0">
    <skipped message="TODO: Complete this test"/>
    <system-out><![CDATA[16:29:38.817 [main] DEBUG org.springframework.test.context.cache.DefaultCacheAwareContextLoaderDelegate - Retrieved ApplicationContext [2024945312] from cache with key [[MergedContextConfiguration@62df0ff3 testClass = CouponControllerTest, locations = '{}', classes = '{class com.pizzahub.coupon.controller.CouponController, class com.pizzahub.coupon.service.CouponService}', contextInitializerClasses = '[]', activeProfiles = '{}', propertySourceLocations = '{}', propertySourceProperties = '{}', contextCustomizers = set[org.springframework.boot.test.context.filter.ExcludeFilterContextCustomizer@56102e1c, org.springframework.boot.test.json.DuplicateJsonObjectContextCustomizerFactory$DuplicateJsonObjectContextCustomizer@3b366632, org.springframework.boot.test.mock.mockito.MockitoContextCustomizer@1b4c4a1a, org.springframework.boot.test.autoconfigure.actuate.metrics.MetricsExportContextCustomizerFactory$DisableMetricExportContextCustomizer@3a0807b7, org.springframework.boot.test.autoconfigure.properties.PropertyMappingContextCustomizer@0, org.springframework.boot.test.autoconfigure.web.servlet.WebDriverContextCustomizerFactory$Customizer@649f2009], contextLoader = 'org.springframework.test.context.support.DelegatingSmartContextLoader', parent = [null]]]
16:29:38.817 [main] DEBUG org.springframework.test.context.cache - Spring test ApplicationContext cache statistics: [DefaultContextCache@7d1f3fe9 size = 1, maxSize = 32, parentContextCount = 0, hitCount = 147, missCount = 1]
16:29:38.817 [main] DEBUG org.springframework.test.context.support.DependencyInjectionTestExecutionListener - Performing dependency injection for test context [[DefaultTestContext@b09fac1 testClass = CouponControllerTest, testInstance = com.pizzahub.coupon.controller.CouponControllerTest@5da41d02, testMethod = [null], testException = [null], mergedContextConfiguration = [MergedContextConfiguration@62df0ff3 testClass = CouponControllerTest, locations = '{}', classes = '{class com.pizzahub.coupon.controller.CouponController, class com.pizzahub.coupon.service.CouponService}', contextInitializerClasses = '[]', activeProfiles = '{}', propertySourceLocations = '{}', propertySourceProperties = '{}', contextCustomizers = set[org.springframework.boot.test.context.filter.ExcludeFilterContextCustomizer@56102e1c, org.springframework.boot.test.json.DuplicateJsonObjectContextCustomizerFactory$DuplicateJsonObjectContextCustomizer@3b366632, org.springframework.boot.test.mock.mockito.MockitoContextCustomizer@1b4c4a1a, org.springframework.boot.test.autoconfigure.actuate.metrics.MetricsExportContextCustomizerFactory$DisableMetricExportContextCustomizer@3a0807b7, org.springframework.boot.test.autoconfigure.properties.PropertyMappingContextCustomizer@0, org.springframework.boot.test.autoconfigure.web.servlet.WebDriverContextCustomizerFactory$Customizer@649f2009], contextLoader = 'org.springframework.test.context.support.DelegatingSmartContextLoader', parent = [null]], attributes = map['org.springframework.test.context.event.ApplicationEventsTestExecutionListener.recordApplicationEvents' -> false]]].
16:29:38.817 [main] DEBUG org.springframework.test.context.cache.DefaultCacheAwareContextLoaderDelegate - Retrieved ApplicationContext [2024945312] from cache with key [[MergedContextConfiguration@62df0ff3 testClass = CouponControllerTest, locations = '{}', classes = '{class com.pizzahub.coupon.controller.CouponController, class com.pizzahub.coupon.service.CouponService}', contextInitializerClasses = '[]', activeProfiles = '{}', propertySourceLocations = '{}', propertySourceProperties = '{}', contextCustomizers = set[org.springframework.boot.test.context.filter.ExcludeFilterContextCustomizer@56102e1c, org.springframework.boot.test.json.DuplicateJsonObjectContextCustomizerFactory$DuplicateJsonObjectContextCustomizer@3b366632, org.springframework.boot.test.mock.mockito.MockitoContextCustomizer@1b4c4a1a, org.springframework.boot.test.autoconfigure.actuate.metrics.MetricsExportContextCustomizerFactory$DisableMetricExportContextCustomizer@3a0807b7, org.springframework.boot.test.autoconfigure.properties.PropertyMappingContextCustomizer@0, org.springframework.boot.test.autoconfigure.web.servlet.WebDriverContextCustomizerFactory$Customizer@649f2009], contextLoader = 'org.springframework.test.context.support.DelegatingSmartContextLoader', parent = [null]]]
16:29:38.817 [main] DEBUG org.springframework.test.context.cache - Spring test ApplicationContext cache statistics: [DefaultContextCache@7d1f3fe9 size = 1, maxSize = 32, parentContextCount = 0, hitCount = 148, missCount = 1]
16:29:38.817 [main] DEBUG org.springframework.test.context.cache.DefaultCacheAwareContextLoaderDelegate - Retrieved ApplicationContext [2024945312] from cache with key [[MergedContextConfiguration@62df0ff3 testClass = CouponControllerTest, locations = '{}', classes = '{class com.pizzahub.coupon.controller.CouponController, class com.pizzahub.coupon.service.CouponService}', contextInitializerClasses = '[]', activeProfiles = '{}', propertySourceLocations = '{}', propertySourceProperties = '{}', contextCustomizers = set[org.springframework.boot.test.context.filter.ExcludeFilterContextCustomizer@56102e1c, org.springframework.boot.test.json.DuplicateJsonObjectContextCustomizerFactory$DuplicateJsonObjectContextCustomizer@3b366632, org.springframework.boot.test.mock.mockito.MockitoContextCustomizer@1b4c4a1a, org.springframework.boot.test.autoconfigure.actuate.metrics.MetricsExportContextCustomizerFactory$DisableMetricExportContextCustomizer@3a0807b7, org.springframework.boot.test.autoconfigure.properties.PropertyMappingContextCustomizer@0, org.springframework.boot.test.autoconfigure.web.servlet.WebDriverContextCustomizerFactory$Customizer@649f2009], contextLoader = 'org.springframework.test.context.support.DelegatingSmartContextLoader', parent = [null]]]
16:29:38.817 [main] DEBUG org.springframework.test.context.cache - Spring test ApplicationContext cache statistics: [DefaultContextCache@7d1f3fe9 size = 1, maxSize = 32, parentContextCount = 0, hitCount = 149, missCount = 1]
]]></system-out>
  </testcase>
</testsuite>