GROUP,PACKAGE,CLASS,INSTRUCTION_MISSED,INSTRUCTION_COVERED,BRANCH_MISSED,BRANCH_COVERED,LINE_MISSED,LINE_COVERED,COMPLEXITY_MISSED,COMPLEXITY_COVERED,METHOD_MISSED,METHOD_COVERED
PizzaHomeStore,com.pizza.home.services.exception,PizzaNotFoundException,0,4,0,0,0,2,0,1,0,1
PizzaHomeStore,com.pizza.home.services.exception,PizzaNullException,4,0,0,0,2,0,1,0,1,0
PizzaHomeStore,com.pizza.home.services.exception,PizzaExceptionHandler,14,3,0,0,2,1,2,1,2,1
PizzaHomeStore,com.pizza.home,PizzaHomeStoreApplication,5,3,0,0,2,1,1,1,1,1
PizzaHomeStore,com.pizza.home.services,PizzaServices,0,114,1,5,0,20,1,11,0,9
PizzaHomeStore,com.pizza.home.controller,PizzaController,0,74,0,0,0,15,0,8,0,8
PizzaHomeStore,com.pizza.home.model,Pizza,0,52,0,0,0,22,0,15,0,15
PizzaHomeStore,com.pizza.home.model,Crust,14,3,0,0,6,1,4,1,4,1
